{"contracts/Billsplitting.sol":{"l":{"22":1,"23":1,"24":1,"29":2,"30":1,"31":1,"33":1,"35":1,"36":1,"37":1,"38":1,"41":1,"42":2,"43":2,"44":2,"46":1,"47":1,"49":1,"56":2,"57":2,"64":13,"65":13,"71":6,"72":5,"73":4,"74":4,"76":4,"77":1,"78":1,"79":1,"81":3,"83":4,"84":4,"89":3,"90":1,"96":2,"97":1,"98":1,"100":3,"101":1,"102":1,"103":1,"104":1,"105":1},"path":"/home/peter/Documents/Work/MyBit/MyBit-Billsplitting.tech/contracts/Billsplitting.sol","s":{"1":1,"2":1,"3":1,"4":2,"5":1,"6":1,"7":1,"8":1,"9":2,"10":1,"11":2,"12":2,"13":13,"14":13,"15":6,"16":5,"17":4,"18":4,"19":1,"20":1,"21":3,"22":3,"23":2,"24":1,"25":1,"26":3,"27":1,"28":1},"b":{"1":[1,1],"2":[5,1],"3":[4,1],"4":[1,3],"5":[1,2],"6":[1,1],"7":[1,2]},"f":{"1":1,"2":2,"3":2,"4":13,"5":6,"6":3,"7":2},"fnMap":{"1":{"name":null,"line":21,"loc":{"start":{"line":21,"column":2},"end":{"line":21,"column":63}}},"2":{"name":"createBillEqual","line":27,"loc":{"start":{"line":27,"column":2},"end":{"line":28,"column":12}}},"3":{"name":"getTotalOwing","line":52,"loc":{"start":{"line":52,"column":2},"end":{"line":55,"column":20}}},"4":{"name":"getUserOwing","line":60,"loc":{"start":{"line":60,"column":2},"end":{"line":63,"column":20}}},"5":{"name":"payShare","line":68,"loc":{"start":{"line":68,"column":2},"end":{"line":70,"column":11}}},"6":{"name":"releaseFunds","line":87,"loc":{"start":{"line":87,"column":2},"end":{"line":88,"column":11}}},"7":{"name":"changeUserAddress","line":94,"loc":{"start":{"line":94,"column":2},"end":{"line":95,"column":11}}}},"statementMap":{"1":{"start":{"line":22,"column":4},"end":{"line":22,"column":21}},"2":{"start":{"line":23,"column":4},"end":{"line":23,"column":33}},"3":{"start":{"line":24,"column":4},"end":{"line":24,"column":43}},"4":{"start":{"line":29,"column":4},"end":{"line":29,"column":46}},"5":{"start":{"line":30,"column":4},"end":{"line":30,"column":20}},"6":{"start":{"line":31,"column":4},"end":{"line":31,"column":47}},"7":{"start":{"line":33,"column":4},"end":{"line":33,"column":62}},"8":{"start":{"line":41,"column":4},"end":{"line":41,"column":1474}},"9":{"start":{"line":44,"column":6},"end":{"line":44,"column":40}},"10":{"start":{"line":49,"column":4},"end":{"line":49,"column":42}},"11":{"start":{"line":56,"column":4},"end":{"line":56,"column":180}},"12":{"start":{"line":57,"column":4},"end":{"line":57,"column":14}},"13":{"start":{"line":64,"column":4},"end":{"line":64,"column":101}},"14":{"start":{"line":65,"column":4},"end":{"line":65,"column":14}},"15":{"start":{"line":71,"column":4},"end":{"line":71,"column":108}},"16":{"start":{"line":72,"column":4},"end":{"line":72,"column":25}},"17":{"start":{"line":74,"column":4},"end":{"line":74,"column":106}},"18":{"start":{"line":76,"column":4},"end":{"line":76,"column":2920}},"19":{"start":{"line":77,"column":6},"end":{"line":77,"column":37}},"20":{"start":{"line":79,"column":6},"end":{"line":79,"column":15}},"21":{"start":{"line":81,"column":6},"end":{"line":81,"column":21}},"22":{"start":{"line":89,"column":4},"end":{"line":89,"column":181}},"23":{"start":{"line":96,"column":4},"end":{"line":96,"column":37}},"24":{"start":{"line":97,"column":4},"end":{"line":97,"column":108}},"25":{"start":{"line":98,"column":4},"end":{"line":98,"column":4071}},"26":{"start":{"line":100,"column":6},"end":{"line":100,"column":4227}},"27":{"start":{"line":101,"column":8},"end":{"line":101,"column":55}},"28":{"start":{"line":103,"column":8},"end":{"line":103,"column":112}}},"branchMap":{"1":{"line":29,"type":"if","locations":[{"start":{"line":29,"column":4},"end":{"line":29,"column":4}},{"start":{"line":29,"column":4},"end":{"line":29,"column":4}}]},"2":{"line":71,"type":"if","locations":[{"start":{"line":71,"column":4},"end":{"line":71,"column":4}},{"start":{"line":71,"column":4},"end":{"line":71,"column":4}}]},"3":{"line":72,"type":"if","locations":[{"start":{"line":72,"column":4},"end":{"line":72,"column":4}},{"start":{"line":72,"column":4},"end":{"line":72,"column":4}}]},"4":{"line":76,"type":"if","locations":[{"start":{"line":76,"column":4},"end":{"line":76,"column":4}},{"start":{"line":76,"column":4},"end":{"line":76,"column":4}}]},"5":{"line":89,"type":"if","locations":[{"start":{"line":89,"column":4},"end":{"line":89,"column":4}},{"start":{"line":89,"column":4},"end":{"line":89,"column":4}}]},"6":{"line":96,"type":"if","locations":[{"start":{"line":96,"column":4},"end":{"line":96,"column":4}},{"start":{"line":96,"column":4},"end":{"line":96,"column":4}}]},"7":{"line":100,"type":"if","locations":[{"start":{"line":100,"column":6},"end":{"line":100,"column":6}},{"start":{"line":100,"column":6},"end":{"line":100,"column":6}}]}}},"contracts/ContractManager.sol":{"l":{"16":2,"32":5,"33":4,"34":3,"35":3,"36":3,"49":2,"50":2,"51":1,"52":1,"53":1,"68":2,"69":2,"70":1,"71":1,"72":1,"73":1,"83":14,"95":10,"96":9,"103":12,"104":11,"111":9,"112":8,"119":0,"120":0,"121":0,"122":0},"path":"/home/peter/Documents/Work/MyBit/MyBit-Billsplitting.tech/contracts/ContractManager.sol","s":{"1":2,"2":5,"3":4,"4":3,"5":2,"6":2,"7":1,"8":2,"9":2,"10":1,"11":14,"12":10,"13":12,"14":9,"15":0,"16":0},"b":{"1":[4,1],"2":[3,1],"3":[1,1],"4":[1,1],"5":[9,1],"6":[11,1],"7":[8,1],"8":[0,0],"9":[0,0]},"f":{"1":2,"2":5,"3":2,"4":2,"5":14,"6":10,"7":12,"8":9,"9":0},"fnMap":{"1":{"name":null,"line":13,"loc":{"start":{"line":13,"column":2},"end":{"line":15,"column":29}}},"2":{"name":"addContract","line":26,"loc":{"start":{"line":26,"column":2},"end":{"line":31,"column":12}}},"3":{"name":"removeContract","line":44,"loc":{"start":{"line":44,"column":2},"end":{"line":48,"column":12}}},"4":{"name":"updateContract","line":63,"loc":{"start":{"line":63,"column":2},"end":{"line":67,"column":12}}},"5":{"name":"contractExists","line":79,"loc":{"start":{"line":79,"column":2},"end":{"line":82,"column":17}}},"6":{"name":"anyOwner","line":94,"loc":{"start":{"line":94,"column":2},"end":{"line":94,"column":19}}},"7":{"name":"noEmptyAddress","line":102,"loc":{"start":{"line":102,"column":2},"end":{"line":102,"column":44}}},"8":{"name":"noEmptyString","line":110,"loc":{"start":{"line":110,"column":2},"end":{"line":110,"column":38}}},"9":{"name":"multiSigRequired","line":118,"loc":{"start":{"line":118,"column":2},"end":{"line":118,"column":85}}}},"statementMap":{"1":{"start":{"line":16,"column":4},"end":{"line":16,"column":33}},"2":{"start":{"line":32,"column":4},"end":{"line":32,"column":45}},"3":{"start":{"line":33,"column":4},"end":{"line":33,"column":97}},"4":{"start":{"line":36,"column":4},"end":{"line":36,"column":50}},"5":{"start":{"line":49,"column":4},"end":{"line":49,"column":101}},"6":{"start":{"line":50,"column":4},"end":{"line":50,"column":44}},"7":{"start":{"line":53,"column":4},"end":{"line":53,"column":52}},"8":{"start":{"line":68,"column":4},"end":{"line":68,"column":95}},"9":{"start":{"line":69,"column":4},"end":{"line":69,"column":39}},"10":{"start":{"line":73,"column":4},"end":{"line":73,"column":67}},"11":{"start":{"line":83,"column":4},"end":{"line":83,"column":83}},"12":{"start":{"line":95,"column":4},"end":{"line":95,"column":82}},"13":{"start":{"line":103,"column":4},"end":{"line":103,"column":35}},"14":{"start":{"line":111,"column":4},"end":{"line":111,"column":42}},"15":{"start":{"line":119,"column":4},"end":{"line":119,"column":33}},"16":{"start":{"line":120,"column":4},"end":{"line":120,"column":111}}},"branchMap":{"1":{"line":32,"type":"if","locations":[{"start":{"line":32,"column":4},"end":{"line":32,"column":4}},{"start":{"line":32,"column":4},"end":{"line":32,"column":4}}]},"2":{"line":33,"type":"if","locations":[{"start":{"line":33,"column":4},"end":{"line":33,"column":4}},{"start":{"line":33,"column":4},"end":{"line":33,"column":4}}]},"3":{"line":50,"type":"if","locations":[{"start":{"line":50,"column":4},"end":{"line":50,"column":4}},{"start":{"line":50,"column":4},"end":{"line":50,"column":4}}]},"4":{"line":69,"type":"if","locations":[{"start":{"line":69,"column":4},"end":{"line":69,"column":4}},{"start":{"line":69,"column":4},"end":{"line":69,"column":4}}]},"5":{"line":95,"type":"if","locations":[{"start":{"line":95,"column":4},"end":{"line":95,"column":4}},{"start":{"line":95,"column":4},"end":{"line":95,"column":4}}]},"6":{"line":103,"type":"if","locations":[{"start":{"line":103,"column":4},"end":{"line":103,"column":4}},{"start":{"line":103,"column":4},"end":{"line":103,"column":4}}]},"7":{"line":111,"type":"if","locations":[{"start":{"line":111,"column":4},"end":{"line":111,"column":4}},{"start":{"line":111,"column":4},"end":{"line":111,"column":4}}]},"8":{"line":119,"type":"if","locations":[{"start":{"line":119,"column":4},"end":{"line":119,"column":4}},{"start":{"line":119,"column":4},"end":{"line":119,"column":4}}]},"9":{"line":120,"type":"if","locations":[{"start":{"line":120,"column":4},"end":{"line":120,"column":4}},{"start":{"line":120,"column":4},"end":{"line":120,"column":4}}]}}},"contracts/Database.sol":{"l":{"30":2,"31":2,"42":5,"43":4,"44":3,"45":2,"46":2,"56":10,"62":17,"68":1,"74":1,"80":1,"86":5,"92":1,"103":2,"109":1,"115":1,"121":1,"127":1,"133":3,"139":1,"148":47,"149":46},"path":"/home/peter/Documents/Work/MyBit/MyBit-Billsplitting.tech/contracts/Database.sol","s":{"1":2,"2":2,"3":5,"4":4,"5":3,"6":2,"7":2,"8":10,"9":17,"10":1,"11":1,"12":1,"13":5,"14":1,"15":47},"b":{"1":[4,1],"2":[3,1],"3":[2,1],"4":[46,1]},"f":{"1":2,"2":5,"3":10,"4":17,"5":1,"6":1,"7":1,"8":5,"9":1,"10":2,"11":1,"12":1,"13":1,"14":1,"15":3,"16":1,"17":47},"fnMap":{"1":{"name":null,"line":28,"loc":{"start":{"line":28,"column":4},"end":{"line":29,"column":12}}},"2":{"name":"setContractManager","line":40,"loc":{"start":{"line":40,"column":4},"end":{"line":41,"column":14}}},"3":{"name":"setAddress","line":53,"loc":{"start":{"line":53,"column":4},"end":{"line":55,"column":14}}},"4":{"name":"setUint","line":59,"loc":{"start":{"line":59,"column":4},"end":{"line":61,"column":14}}},"5":{"name":"setString","line":65,"loc":{"start":{"line":65,"column":4},"end":{"line":67,"column":14}}},"6":{"name":"setBytes","line":71,"loc":{"start":{"line":71,"column":4},"end":{"line":73,"column":14}}},"7":{"name":"setBytes32","line":77,"loc":{"start":{"line":77,"column":4},"end":{"line":79,"column":14}}},"8":{"name":"setBool","line":83,"loc":{"start":{"line":83,"column":4},"end":{"line":85,"column":14}}},"9":{"name":"setInt","line":89,"loc":{"start":{"line":89,"column":4},"end":{"line":91,"column":14}}},"10":{"name":"deleteAddress","line":100,"loc":{"start":{"line":100,"column":4},"end":{"line":102,"column":14}}},"11":{"name":"deleteUint","line":106,"loc":{"start":{"line":106,"column":4},"end":{"line":108,"column":14}}},"12":{"name":"deleteString","line":112,"loc":{"start":{"line":112,"column":4},"end":{"line":114,"column":14}}},"13":{"name":"deleteBytes","line":118,"loc":{"start":{"line":118,"column":4},"end":{"line":120,"column":14}}},"14":{"name":"deleteBytes32","line":124,"loc":{"start":{"line":124,"column":4},"end":{"line":126,"column":14}}},"15":{"name":"deleteBool","line":130,"loc":{"start":{"line":130,"column":4},"end":{"line":132,"column":14}}},"16":{"name":"deleteInt","line":136,"loc":{"start":{"line":136,"column":4},"end":{"line":138,"column":14}}},"17":{"name":"onlyApprovedContract","line":147,"loc":{"start":{"line":147,"column":4},"end":{"line":147,"column":33}}}},"statementMap":{"1":{"start":{"line":30,"column":8},"end":{"line":30,"column":71}},"2":{"start":{"line":31,"column":8},"end":{"line":31,"column":35}},"3":{"start":{"line":42,"column":8},"end":{"line":42,"column":46}},"4":{"start":{"line":43,"column":8},"end":{"line":43,"column":77}},"5":{"start":{"line":44,"column":8},"end":{"line":44,"column":104}},"6":{"start":{"line":45,"column":8},"end":{"line":45,"column":100}},"7":{"start":{"line":46,"column":8},"end":{"line":46,"column":84}},"8":{"start":{"line":56,"column":8},"end":{"line":56,"column":36}},"9":{"start":{"line":62,"column":8},"end":{"line":62,"column":33}},"10":{"start":{"line":68,"column":8},"end":{"line":68,"column":35}},"11":{"start":{"line":74,"column":8},"end":{"line":74,"column":34}},"12":{"start":{"line":80,"column":8},"end":{"line":80,"column":36}},"13":{"start":{"line":86,"column":8},"end":{"line":86,"column":33}},"14":{"start":{"line":92,"column":8},"end":{"line":92,"column":32}},"15":{"start":{"line":148,"column":8},"end":{"line":148,"column":80}}},"branchMap":{"1":{"line":42,"type":"if","locations":[{"start":{"line":42,"column":8},"end":{"line":42,"column":8}},{"start":{"line":42,"column":8},"end":{"line":42,"column":8}}]},"2":{"line":43,"type":"if","locations":[{"start":{"line":43,"column":8},"end":{"line":43,"column":8}},{"start":{"line":43,"column":8},"end":{"line":43,"column":8}}]},"3":{"line":44,"type":"if","locations":[{"start":{"line":44,"column":8},"end":{"line":44,"column":8}},{"start":{"line":44,"column":8},"end":{"line":44,"column":8}}]},"4":{"line":148,"type":"if","locations":[{"start":{"line":148,"column":8},"end":{"line":148,"column":8}},{"start":{"line":148,"column":8},"end":{"line":148,"column":8}}]}}},"contracts/ERC20.sol":{"l":{"43":3,"44":3,"45":3,"46":3,"47":3,"48":3,"59":40,"60":39,"61":38,"62":38,"63":38,"64":38,"74":3,"75":2,"76":1,"77":1,"78":1,"79":1,"80":1,"90":4,"91":4,"92":4,"103":0,"104":0,"105":0,"106":0,"116":1,"117":1,"118":1,"119":1,"120":1,"130":6,"131":3,"132":3,"133":3,"134":3,"135":3,"136":3,"146":2,"156":43,"166":3,"177":1},"path":"/home/peter/Documents/Work/MyBit/MyBit-Billsplitting.tech/contracts/ERC20.sol","s":{"1":3,"2":3,"3":3,"4":3,"5":3,"6":3,"7":40,"8":39,"9":38,"10":38,"11":38,"12":38,"13":3,"14":2,"15":1,"16":1,"17":1,"18":1,"19":1,"20":4,"21":4,"22":4,"23":0,"24":0,"25":0,"26":0,"27":1,"28":1,"29":1,"30":1,"31":1,"32":6,"33":3,"34":3,"35":3,"36":3,"37":3,"38":3,"39":2,"40":43,"41":3,"42":1},"b":{"1":[39,1],"2":[38,1],"3":[2,1],"4":[1,1],"5":[3,3]},"f":{"1":3,"2":40,"3":3,"4":4,"5":0,"6":1,"7":6,"8":2,"9":43,"10":3,"11":1},"fnMap":{"1":{"name":null,"line":41,"loc":{"start":{"line":41,"column":4},"end":{"line":42,"column":12}}},"2":{"name":"transfer","line":56,"loc":{"start":{"line":56,"column":4},"end":{"line":58,"column":28}}},"3":{"name":"transferFrom","line":71,"loc":{"start":{"line":71,"column":4},"end":{"line":73,"column":28}}},"4":{"name":"approve","line":87,"loc":{"start":{"line":87,"column":4},"end":{"line":89,"column":28}}},"5":{"name":"approveAndCall","line":100,"loc":{"start":{"line":100,"column":4},"end":{"line":102,"column":28}}},"6":{"name":"burn","line":113,"loc":{"start":{"line":113,"column":4},"end":{"line":115,"column":28}}},"7":{"name":"burnFrom","line":127,"loc":{"start":{"line":127,"column":4},"end":{"line":129,"column":28}}},"8":{"name":"totalSupply","line":142,"loc":{"start":{"line":142,"column":4},"end":{"line":145,"column":32}}},"9":{"name":"balanceOf","line":152,"loc":{"start":{"line":152,"column":4},"end":{"line":155,"column":28}}},"10":{"name":"allowance","line":162,"loc":{"start":{"line":162,"column":4},"end":{"line":165,"column":30}}},"11":{"name":null,"line":174,"loc":{"start":{"line":174,"column":4},"end":{"line":176,"column":13}}}},"statementMap":{"1":{"start":{"line":43,"column":8},"end":{"line":43,"column":44}},"2":{"start":{"line":44,"column":8},"end":{"line":44,"column":30}},"3":{"start":{"line":45,"column":8},"end":{"line":45,"column":24}},"4":{"start":{"line":46,"column":8},"end":{"line":46,"column":31}},"5":{"start":{"line":47,"column":8},"end":{"line":47,"column":28}},"6":{"start":{"line":48,"column":8},"end":{"line":48,"column":61}},"7":{"start":{"line":59,"column":8},"end":{"line":59,"column":33}},"8":{"start":{"line":60,"column":8},"end":{"line":60,"column":36}},"9":{"start":{"line":61,"column":8},"end":{"line":61,"column":63}},"10":{"start":{"line":62,"column":8},"end":{"line":62,"column":49}},"11":{"start":{"line":63,"column":8},"end":{"line":63,"column":47}},"12":{"start":{"line":64,"column":8},"end":{"line":64,"column":19}},"13":{"start":{"line":74,"column":8},"end":{"line":74,"column":33}},"14":{"start":{"line":75,"column":8},"end":{"line":75,"column":36}},"15":{"start":{"line":76,"column":8},"end":{"line":76,"column":53}},"16":{"start":{"line":77,"column":8},"end":{"line":77,"column":75}},"17":{"start":{"line":78,"column":8},"end":{"line":78,"column":49}},"18":{"start":{"line":79,"column":8},"end":{"line":79,"column":42}},"19":{"start":{"line":80,"column":8},"end":{"line":80,"column":19}},"20":{"start":{"line":90,"column":8},"end":{"line":90,"column":46}},"21":{"start":{"line":91,"column":8},"end":{"line":91,"column":52}},"22":{"start":{"line":92,"column":8},"end":{"line":92,"column":19}},"23":{"start":{"line":103,"column":8},"end":{"line":103,"column":46}},"24":{"start":{"line":104,"column":8},"end":{"line":104,"column":52}},"25":{"start":{"line":105,"column":8},"end":{"line":105,"column":39}},"26":{"start":{"line":106,"column":8},"end":{"line":106,"column":19}},"27":{"start":{"line":116,"column":8},"end":{"line":116,"column":63}},"28":{"start":{"line":117,"column":8},"end":{"line":117,"column":35}},"29":{"start":{"line":118,"column":8},"end":{"line":118,"column":41}},"30":{"start":{"line":119,"column":8},"end":{"line":119,"column":54}},"31":{"start":{"line":120,"column":8},"end":{"line":120,"column":19}},"32":{"start":{"line":130,"column":8},"end":{"line":130,"column":53}},"33":{"start":{"line":131,"column":8},"end":{"line":131,"column":53}},"34":{"start":{"line":132,"column":8},"end":{"line":132,"column":75}},"35":{"start":{"line":133,"column":8},"end":{"line":133,"column":35}},"36":{"start":{"line":134,"column":8},"end":{"line":134,"column":36}},"37":{"start":{"line":135,"column":8},"end":{"line":135,"column":49}},"38":{"start":{"line":136,"column":8},"end":{"line":136,"column":19}},"39":{"start":{"line":146,"column":8},"end":{"line":146,"column":21}},"40":{"start":{"line":156,"column":8},"end":{"line":156,"column":37}},"41":{"start":{"line":166,"column":8},"end":{"line":166,"column":46}},"42":{"start":{"line":177,"column":8},"end":{"line":177,"column":15}}},"branchMap":{"1":{"line":59,"type":"if","locations":[{"start":{"line":59,"column":8},"end":{"line":59,"column":8}},{"start":{"line":59,"column":8},"end":{"line":59,"column":8}}]},"2":{"line":60,"type":"if","locations":[{"start":{"line":60,"column":8},"end":{"line":60,"column":8}},{"start":{"line":60,"column":8},"end":{"line":60,"column":8}}]},"3":{"line":74,"type":"if","locations":[{"start":{"line":74,"column":8},"end":{"line":74,"column":8}},{"start":{"line":74,"column":8},"end":{"line":74,"column":8}}]},"4":{"line":75,"type":"if","locations":[{"start":{"line":75,"column":8},"end":{"line":75,"column":8}},{"start":{"line":75,"column":8},"end":{"line":75,"column":8}}]},"5":{"line":130,"type":"if","locations":[{"start":{"line":130,"column":8},"end":{"line":130,"column":8}},{"start":{"line":130,"column":8},"end":{"line":130,"column":8}}]}}},"contracts/interfaces/ERC20Interface.sol":{"l":{},"path":"/home/peter/Documents/Work/MyBit/MyBit-Billsplitting.tech/contracts/interfaces/ERC20Interface.sol","s":{},"b":{},"f":{},"fnMap":{},"statementMap":{},"branchMap":{}},"contracts/MyBitBurner.sol":{"l":{"20":2,"21":2,"30":5,"32":4,"33":2,"34":2,"43":3,"44":2,"45":2,"46":2,"55":2,"56":1,"57":1,"58":1,"65":1,"74":6,"75":5},"path":"/home/peter/Documents/Work/MyBit/MyBit-Billsplitting.tech/contracts/MyBitBurner.sol","s":{"1":2,"2":2,"3":5,"4":4,"5":2,"6":2,"7":3,"8":2,"9":2,"10":2,"11":2,"12":1,"13":1,"14":1,"15":6},"b":{"1":[4,1],"2":[2,2],"3":[2,1],"4":[1,1],"5":[5,1]},"f":{"1":2,"2":5,"3":3,"4":2,"5":1,"6":6},"fnMap":{"1":{"name":null,"line":18,"loc":{"start":{"line":18,"column":2},"end":{"line":19,"column":10}}},"2":{"name":"burn","line":27,"loc":{"start":{"line":27,"column":2},"end":{"line":29,"column":18}}},"3":{"name":"authorizeBurner","line":39,"loc":{"start":{"line":39,"column":2},"end":{"line":42,"column":18}}},"4":{"name":"removeBurner","line":51,"loc":{"start":{"line":51,"column":2},"end":{"line":54,"column":18}}},"5":{"name":null,"line":62,"loc":{"start":{"line":62,"column":2},"end":{"line":64,"column":12}}},"6":{"name":"onlyOwner","line":73,"loc":{"start":{"line":73,"column":2},"end":{"line":73,"column":20}}}},"statementMap":{"1":{"start":{"line":20,"column":4},"end":{"line":20,"column":39}},"2":{"start":{"line":21,"column":4},"end":{"line":21,"column":21}},"3":{"start":{"line":30,"column":4},"end":{"line":30,"column":40}},"4":{"start":{"line":32,"column":4},"end":{"line":32,"column":52}},"5":{"start":{"line":33,"column":4},"end":{"line":33,"column":56}},"6":{"start":{"line":34,"column":4},"end":{"line":34,"column":15}},"7":{"start":{"line":43,"column":4},"end":{"line":43,"column":47}},"8":{"start":{"line":44,"column":4},"end":{"line":44,"column":44}},"9":{"start":{"line":45,"column":4},"end":{"line":45,"column":58}},"10":{"start":{"line":46,"column":4},"end":{"line":46,"column":15}},"11":{"start":{"line":55,"column":4},"end":{"line":55,"column":46}},"12":{"start":{"line":57,"column":4},"end":{"line":57,"column":55}},"13":{"start":{"line":58,"column":4},"end":{"line":58,"column":15}},"14":{"start":{"line":65,"column":4},"end":{"line":65,"column":11}},"15":{"start":{"line":74,"column":4},"end":{"line":74,"column":31}}},"branchMap":{"1":{"line":30,"type":"if","locations":[{"start":{"line":30,"column":4},"end":{"line":30,"column":4}},{"start":{"line":30,"column":4},"end":{"line":30,"column":4}}]},"2":{"line":32,"type":"if","locations":[{"start":{"line":32,"column":4},"end":{"line":32,"column":4}},{"start":{"line":32,"column":4},"end":{"line":32,"column":4}}]},"3":{"line":43,"type":"if","locations":[{"start":{"line":43,"column":4},"end":{"line":43,"column":4}},{"start":{"line":43,"column":4},"end":{"line":43,"column":4}}]},"4":{"line":55,"type":"if","locations":[{"start":{"line":55,"column":4},"end":{"line":55,"column":4}},{"start":{"line":55,"column":4},"end":{"line":55,"column":4}}]},"5":{"line":74,"type":"if","locations":[{"start":{"line":74,"column":4},"end":{"line":74,"column":4}},{"start":{"line":74,"column":4},"end":{"line":74,"column":4}}]}}},"contracts/SafeMath.sol":{"l":{"14":4,"15":1,"17":3,"18":3,"19":2,"29":3,"36":61,"37":60,"44":47,"45":47,"46":46,"56":1,"64":1,"65":1,"66":1,"68":1},"path":"/home/peter/Documents/Work/MyBit/MyBit-Billsplitting.tech/contracts/SafeMath.sol","s":{"1":4,"2":1,"3":3,"4":3,"5":2,"6":3,"7":61,"8":60,"9":47,"10":47,"11":46,"12":1,"13":1,"14":1,"15":1},"b":{"1":[1,3],"2":[2,1],"3":[60,1],"4":[46,1]},"f":{"1":4,"2":3,"3":61,"4":47,"5":1,"6":1},"fnMap":{"1":{"name":"mul","line":13,"loc":{"start":{"line":13,"column":2},"end":{"line":13,"column":68}}},"2":{"name":"div","line":25,"loc":{"start":{"line":25,"column":2},"end":{"line":25,"column":68}}},"3":{"name":"sub","line":35,"loc":{"start":{"line":35,"column":2},"end":{"line":35,"column":68}}},"4":{"name":"add","line":43,"loc":{"start":{"line":43,"column":2},"end":{"line":43,"column":68}}},"5":{"name":"getFractionalAmount","line":52,"loc":{"start":{"line":52,"column":2},"end":{"line":55,"column":21}}},"6":{"name":"bytesToUint","line":63,"loc":{"start":{"line":63,"column":2},"end":{"line":63,"column":63}}}},"statementMap":{"1":{"start":{"line":14,"column":4},"end":{"line":14,"column":740}},"2":{"start":{"line":15,"column":6},"end":{"line":15,"column":14}},"3":{"start":{"line":17,"column":4},"end":{"line":17,"column":20}},"4":{"start":{"line":18,"column":4},"end":{"line":18,"column":21}},"5":{"start":{"line":19,"column":4},"end":{"line":19,"column":12}},"6":{"start":{"line":29,"column":4},"end":{"line":29,"column":16}},"7":{"start":{"line":36,"column":4},"end":{"line":36,"column":17}},"8":{"start":{"line":37,"column":4},"end":{"line":37,"column":16}},"9":{"start":{"line":44,"column":4},"end":{"line":44,"column":20}},"10":{"start":{"line":45,"column":4},"end":{"line":45,"column":17}},"11":{"start":{"line":46,"column":4},"end":{"line":46,"column":12}},"12":{"start":{"line":56,"column":4},"end":{"line":56,"column":46}},"13":{"start":{"line":65,"column":6},"end":{"line":65,"column":2949}},"14":{"start":{"line":66,"column":10},"end":{"line":66,"column":69}},"15":{"start":{"line":68,"column":6},"end":{"line":68,"column":19}}},"branchMap":{"1":{"line":14,"type":"if","locations":[{"start":{"line":14,"column":4},"end":{"line":14,"column":4}},{"start":{"line":14,"column":4},"end":{"line":14,"column":4}}]},"2":{"line":18,"type":"if","locations":[{"start":{"line":18,"column":4},"end":{"line":18,"column":4}},{"start":{"line":18,"column":4},"end":{"line":18,"column":4}}]},"3":{"line":36,"type":"if","locations":[{"start":{"line":36,"column":4},"end":{"line":36,"column":4}},{"start":{"line":36,"column":4},"end":{"line":36,"column":4}}]},"4":{"line":45,"type":"if","locations":[{"start":{"line":45,"column":4},"end":{"line":45,"column":4}},{"start":{"line":45,"column":4},"end":{"line":45,"column":4}}]}}},"contracts/SafeMathWrapper.sol":{"l":{"10":3,"14":1,"18":2,"22":2,"26":1,"30":1},"path":"/home/peter/Documents/Work/MyBit/MyBit-Billsplitting.tech/contracts/SafeMathWrapper.sol","s":{"1":3,"2":1,"3":2,"4":2,"5":1,"6":1},"b":{},"f":{"1":3,"2":1,"3":2,"4":2,"5":1,"6":1},"fnMap":{"1":{"name":"multiply","line":9,"loc":{"start":{"line":9,"column":2},"end":{"line":9,"column":73}}},"2":{"name":"divide","line":13,"loc":{"start":{"line":13,"column":2},"end":{"line":13,"column":71}}},"3":{"name":"subtract","line":17,"loc":{"start":{"line":17,"column":2},"end":{"line":17,"column":73}}},"4":{"name":"addto","line":21,"loc":{"start":{"line":21,"column":2},"end":{"line":21,"column":70}}},"5":{"name":"fraction","line":25,"loc":{"start":{"line":25,"column":2},"end":{"line":25,"column":89}}},"6":{"name":"getUint","line":29,"loc":{"start":{"line":29,"column":2},"end":{"line":29,"column":58}}}},"statementMap":{"1":{"start":{"line":10,"column":4},"end":{"line":10,"column":19}},"2":{"start":{"line":14,"column":4},"end":{"line":14,"column":19}},"3":{"start":{"line":18,"column":4},"end":{"line":18,"column":19}},"4":{"start":{"line":22,"column":4},"end":{"line":22,"column":19}},"5":{"start":{"line":26,"column":4},"end":{"line":26,"column":51}},"6":{"start":{"line":30,"column":4},"end":{"line":30,"column":26}}},"branchMap":{}}}