{"contracts/Billsplitting.sol":{"l":{"22":1,"23":1,"24":1,"29":2,"30":1,"31":1,"33":1,"35":1,"36":1,"37":1,"38":1,"41":1,"42":2,"43":2,"44":2,"46":1,"47":1,"49":1,"56":2,"57":2,"64":13,"65":13,"71":6,"72":5,"73":4,"74":4,"76":4,"77":1,"78":1,"79":1,"81":3,"83":4,"84":4,"89":3,"90":1,"96":2,"97":1,"98":1,"100":3,"101":1,"102":1,"103":1,"104":1,"105":1},"path":"/home/peter/Documents/Work/MyBit/MyBit-Billsplitting.tech/contracts/Billsplitting.sol","s":{"1":1,"2":1,"3":1,"4":2,"5":1,"6":1,"7":1,"8":1,"9":2,"10":1,"11":2,"12":2,"13":13,"14":13,"15":6,"16":5,"17":4,"18":4,"19":1,"20":1,"21":3,"22":3,"23":2,"24":1,"25":1,"26":3,"27":1,"28":1},"b":{"1":[1,1],"2":[5,1],"3":[4,1],"4":[1,3],"5":[1,2],"6":[1,1],"7":[1,2]},"f":{"1":1,"2":2,"3":2,"4":13,"5":6,"6":3,"7":2},"fnMap":{"1":{"name":null,"line":21,"loc":{"start":{"line":21,"column":2},"end":{"line":21,"column":63}}},"2":{"name":"createBillEqual","line":27,"loc":{"start":{"line":27,"column":2},"end":{"line":28,"column":12}}},"3":{"name":"getTotalOwing","line":52,"loc":{"start":{"line":52,"column":2},"end":{"line":55,"column":20}}},"4":{"name":"getUserOwing","line":60,"loc":{"start":{"line":60,"column":2},"end":{"line":63,"column":20}}},"5":{"name":"payShare","line":68,"loc":{"start":{"line":68,"column":2},"end":{"line":70,"column":11}}},"6":{"name":"releaseFunds","line":87,"loc":{"start":{"line":87,"column":2},"end":{"line":88,"column":11}}},"7":{"name":"changeUserAddress","line":94,"loc":{"start":{"line":94,"column":2},"end":{"line":95,"column":11}}}},"statementMap":{"1":{"start":{"line":22,"column":4},"end":{"line":22,"column":21}},"2":{"start":{"line":23,"column":4},"end":{"line":23,"column":33}},"3":{"start":{"line":24,"column":4},"end":{"line":24,"column":43}},"4":{"start":{"line":29,"column":4},"end":{"line":29,"column":46}},"5":{"start":{"line":30,"column":4},"end":{"line":30,"column":20}},"6":{"start":{"line":31,"column":4},"end":{"line":31,"column":47}},"7":{"start":{"line":33,"column":4},"end":{"line":33,"column":62}},"8":{"start":{"line":41,"column":4},"end":{"line":41,"column":1474}},"9":{"start":{"line":44,"column":6},"end":{"line":44,"column":40}},"10":{"start":{"line":49,"column":4},"end":{"line":49,"column":42}},"11":{"start":{"line":56,"column":4},"end":{"line":56,"column":180}},"12":{"start":{"line":57,"column":4},"end":{"line":57,"column":14}},"13":{"start":{"line":64,"column":4},"end":{"line":64,"column":101}},"14":{"start":{"line":65,"column":4},"end":{"line":65,"column":14}},"15":{"start":{"line":71,"column":4},"end":{"line":71,"column":108}},"16":{"start":{"line":72,"column":4},"end":{"line":72,"column":25}},"17":{"start":{"line":74,"column":4},"end":{"line":74,"column":106}},"18":{"start":{"line":76,"column":4},"end":{"line":76,"column":2920}},"19":{"start":{"line":77,"column":6},"end":{"line":77,"column":37}},"20":{"start":{"line":79,"column":6},"end":{"line":79,"column":15}},"21":{"start":{"line":81,"column":6},"end":{"line":81,"column":21}},"22":{"start":{"line":89,"column":4},"end":{"line":89,"column":181}},"23":{"start":{"line":96,"column":4},"end":{"line":96,"column":37}},"24":{"start":{"line":97,"column":4},"end":{"line":97,"column":108}},"25":{"start":{"line":98,"column":4},"end":{"line":98,"column":4071}},"26":{"start":{"line":100,"column":6},"end":{"line":100,"column":4227}},"27":{"start":{"line":101,"column":8},"end":{"line":101,"column":55}},"28":{"start":{"line":103,"column":8},"end":{"line":103,"column":112}}},"branchMap":{"1":{"line":29,"type":"if","locations":[{"start":{"line":29,"column":4},"end":{"line":29,"column":4}},{"start":{"line":29,"column":4},"end":{"line":29,"column":4}}]},"2":{"line":71,"type":"if","locations":[{"start":{"line":71,"column":4},"end":{"line":71,"column":4}},{"start":{"line":71,"column":4},"end":{"line":71,"column":4}}]},"3":{"line":72,"type":"if","locations":[{"start":{"line":72,"column":4},"end":{"line":72,"column":4}},{"start":{"line":72,"column":4},"end":{"line":72,"column":4}}]},"4":{"line":76,"type":"if","locations":[{"start":{"line":76,"column":4},"end":{"line":76,"column":4}},{"start":{"line":76,"column":4},"end":{"line":76,"column":4}}]},"5":{"line":89,"type":"if","locations":[{"start":{"line":89,"column":4},"end":{"line":89,"column":4}},{"start":{"line":89,"column":4},"end":{"line":89,"column":4}}]},"6":{"line":96,"type":"if","locations":[{"start":{"line":96,"column":4},"end":{"line":96,"column":4}},{"start":{"line":96,"column":4},"end":{"line":96,"column":4}}]},"7":{"line":100,"type":"if","locations":[{"start":{"line":100,"column":6},"end":{"line":100,"column":6}},{"start":{"line":100,"column":6},"end":{"line":100,"column":6}}]}}},"contracts/ContractManager.sol":{"l":{"16":1,"32":1,"33":1,"34":1,"35":1,"36":1,"49":0,"50":0,"51":0,"52":0,"53":0,"68":0,"69":0,"70":0,"71":0,"72":0,"73":0,"83":1,"95":1,"96":1,"103":2,"104":2,"111":1,"112":1,"119":0,"120":0,"121":0,"122":0},"path":"/home/peter/Documents/Work/MyBit/MyBit-Billsplitting.tech/contracts/ContractManager.sol","s":{"1":1,"2":1,"3":1,"4":1,"5":0,"6":0,"7":0,"8":0,"9":0,"10":0,"11":1,"12":1,"13":2,"14":1,"15":0,"16":0},"b":{"1":[1,0],"2":[1,0],"3":[0,0],"4":[0,0],"5":[1,0],"6":[2,0],"7":[1,0],"8":[0,0],"9":[0,0]},"f":{"1":1,"2":1,"3":0,"4":0,"5":1,"6":1,"7":2,"8":1,"9":0},"fnMap":{"1":{"name":null,"line":13,"loc":{"start":{"line":13,"column":2},"end":{"line":15,"column":29}}},"2":{"name":"addContract","line":26,"loc":{"start":{"line":26,"column":2},"end":{"line":31,"column":12}}},"3":{"name":"removeContract","line":44,"loc":{"start":{"line":44,"column":2},"end":{"line":48,"column":12}}},"4":{"name":"updateContract","line":63,"loc":{"start":{"line":63,"column":2},"end":{"line":67,"column":12}}},"5":{"name":"contractExists","line":79,"loc":{"start":{"line":79,"column":2},"end":{"line":82,"column":17}}},"6":{"name":"anyOwner","line":94,"loc":{"start":{"line":94,"column":2},"end":{"line":94,"column":19}}},"7":{"name":"noEmptyAddress","line":102,"loc":{"start":{"line":102,"column":2},"end":{"line":102,"column":44}}},"8":{"name":"noEmptyString","line":110,"loc":{"start":{"line":110,"column":2},"end":{"line":110,"column":38}}},"9":{"name":"multiSigRequired","line":118,"loc":{"start":{"line":118,"column":2},"end":{"line":118,"column":85}}}},"statementMap":{"1":{"start":{"line":16,"column":4},"end":{"line":16,"column":33}},"2":{"start":{"line":32,"column":4},"end":{"line":32,"column":45}},"3":{"start":{"line":33,"column":4},"end":{"line":33,"column":97}},"4":{"start":{"line":36,"column":4},"end":{"line":36,"column":50}},"5":{"start":{"line":49,"column":4},"end":{"line":49,"column":101}},"6":{"start":{"line":50,"column":4},"end":{"line":50,"column":44}},"7":{"start":{"line":53,"column":4},"end":{"line":53,"column":52}},"8":{"start":{"line":68,"column":4},"end":{"line":68,"column":95}},"9":{"start":{"line":69,"column":4},"end":{"line":69,"column":39}},"10":{"start":{"line":73,"column":4},"end":{"line":73,"column":67}},"11":{"start":{"line":83,"column":4},"end":{"line":83,"column":83}},"12":{"start":{"line":95,"column":4},"end":{"line":95,"column":82}},"13":{"start":{"line":103,"column":4},"end":{"line":103,"column":35}},"14":{"start":{"line":111,"column":4},"end":{"line":111,"column":42}},"15":{"start":{"line":119,"column":4},"end":{"line":119,"column":33}},"16":{"start":{"line":120,"column":4},"end":{"line":120,"column":111}}},"branchMap":{"1":{"line":32,"type":"if","locations":[{"start":{"line":32,"column":4},"end":{"line":32,"column":4}},{"start":{"line":32,"column":4},"end":{"line":32,"column":4}}]},"2":{"line":33,"type":"if","locations":[{"start":{"line":33,"column":4},"end":{"line":33,"column":4}},{"start":{"line":33,"column":4},"end":{"line":33,"column":4}}]},"3":{"line":50,"type":"if","locations":[{"start":{"line":50,"column":4},"end":{"line":50,"column":4}},{"start":{"line":50,"column":4},"end":{"line":50,"column":4}}]},"4":{"line":69,"type":"if","locations":[{"start":{"line":69,"column":4},"end":{"line":69,"column":4}},{"start":{"line":69,"column":4},"end":{"line":69,"column":4}}]},"5":{"line":95,"type":"if","locations":[{"start":{"line":95,"column":4},"end":{"line":95,"column":4}},{"start":{"line":95,"column":4},"end":{"line":95,"column":4}}]},"6":{"line":103,"type":"if","locations":[{"start":{"line":103,"column":4},"end":{"line":103,"column":4}},{"start":{"line":103,"column":4},"end":{"line":103,"column":4}}]},"7":{"line":111,"type":"if","locations":[{"start":{"line":111,"column":4},"end":{"line":111,"column":4}},{"start":{"line":111,"column":4},"end":{"line":111,"column":4}}]},"8":{"line":119,"type":"if","locations":[{"start":{"line":119,"column":4},"end":{"line":119,"column":4}},{"start":{"line":119,"column":4},"end":{"line":119,"column":4}}]},"9":{"line":120,"type":"if","locations":[{"start":{"line":120,"column":4},"end":{"line":120,"column":4}},{"start":{"line":120,"column":4},"end":{"line":120,"column":4}}]}}},"contracts/Database.sol":{"l":{"30":1,"31":1,"42":1,"43":1,"44":1,"45":1,"46":1,"56":6,"62":16,"68":0,"74":0,"80":0,"86":1,"92":0,"103":0,"109":0,"115":0,"121":0,"127":0,"133":0,"139":0,"148":23,"149":23},"path":"/home/peter/Documents/Work/MyBit/MyBit-Billsplitting.tech/contracts/Database.sol","s":{"1":1,"2":1,"3":1,"4":1,"5":1,"6":1,"7":1,"8":6,"9":16,"10":0,"11":0,"12":0,"13":1,"14":0,"15":23},"b":{"1":[1,0],"2":[1,0],"3":[1,0],"4":[23,0]},"f":{"1":1,"2":1,"3":6,"4":16,"5":0,"6":0,"7":0,"8":1,"9":0,"10":0,"11":0,"12":0,"13":0,"14":0,"15":0,"16":0,"17":23},"fnMap":{"1":{"name":null,"line":28,"loc":{"start":{"line":28,"column":4},"end":{"line":29,"column":12}}},"2":{"name":"setContractManager","line":40,"loc":{"start":{"line":40,"column":4},"end":{"line":41,"column":14}}},"3":{"name":"setAddress","line":53,"loc":{"start":{"line":53,"column":4},"end":{"line":55,"column":14}}},"4":{"name":"setUint","line":59,"loc":{"start":{"line":59,"column":4},"end":{"line":61,"column":14}}},"5":{"name":"setString","line":65,"loc":{"start":{"line":65,"column":4},"end":{"line":67,"column":14}}},"6":{"name":"setBytes","line":71,"loc":{"start":{"line":71,"column":4},"end":{"line":73,"column":14}}},"7":{"name":"setBytes32","line":77,"loc":{"start":{"line":77,"column":4},"end":{"line":79,"column":14}}},"8":{"name":"setBool","line":83,"loc":{"start":{"line":83,"column":4},"end":{"line":85,"column":14}}},"9":{"name":"setInt","line":89,"loc":{"start":{"line":89,"column":4},"end":{"line":91,"column":14}}},"10":{"name":"deleteAddress","line":100,"loc":{"start":{"line":100,"column":4},"end":{"line":102,"column":14}}},"11":{"name":"deleteUint","line":106,"loc":{"start":{"line":106,"column":4},"end":{"line":108,"column":14}}},"12":{"name":"deleteString","line":112,"loc":{"start":{"line":112,"column":4},"end":{"line":114,"column":14}}},"13":{"name":"deleteBytes","line":118,"loc":{"start":{"line":118,"column":4},"end":{"line":120,"column":14}}},"14":{"name":"deleteBytes32","line":124,"loc":{"start":{"line":124,"column":4},"end":{"line":126,"column":14}}},"15":{"name":"deleteBool","line":130,"loc":{"start":{"line":130,"column":4},"end":{"line":132,"column":14}}},"16":{"name":"deleteInt","line":136,"loc":{"start":{"line":136,"column":4},"end":{"line":138,"column":14}}},"17":{"name":"onlyApprovedContract","line":147,"loc":{"start":{"line":147,"column":4},"end":{"line":147,"column":33}}}},"statementMap":{"1":{"start":{"line":30,"column":8},"end":{"line":30,"column":71}},"2":{"start":{"line":31,"column":8},"end":{"line":31,"column":35}},"3":{"start":{"line":42,"column":8},"end":{"line":42,"column":46}},"4":{"start":{"line":43,"column":8},"end":{"line":43,"column":77}},"5":{"start":{"line":44,"column":8},"end":{"line":44,"column":104}},"6":{"start":{"line":45,"column":8},"end":{"line":45,"column":100}},"7":{"start":{"line":46,"column":8},"end":{"line":46,"column":84}},"8":{"start":{"line":56,"column":8},"end":{"line":56,"column":36}},"9":{"start":{"line":62,"column":8},"end":{"line":62,"column":33}},"10":{"start":{"line":68,"column":8},"end":{"line":68,"column":35}},"11":{"start":{"line":74,"column":8},"end":{"line":74,"column":34}},"12":{"start":{"line":80,"column":8},"end":{"line":80,"column":36}},"13":{"start":{"line":86,"column":8},"end":{"line":86,"column":33}},"14":{"start":{"line":92,"column":8},"end":{"line":92,"column":32}},"15":{"start":{"line":148,"column":8},"end":{"line":148,"column":80}}},"branchMap":{"1":{"line":42,"type":"if","locations":[{"start":{"line":42,"column":8},"end":{"line":42,"column":8}},{"start":{"line":42,"column":8},"end":{"line":42,"column":8}}]},"2":{"line":43,"type":"if","locations":[{"start":{"line":43,"column":8},"end":{"line":43,"column":8}},{"start":{"line":43,"column":8},"end":{"line":43,"column":8}}]},"3":{"line":44,"type":"if","locations":[{"start":{"line":44,"column":8},"end":{"line":44,"column":8}},{"start":{"line":44,"column":8},"end":{"line":44,"column":8}}]},"4":{"line":148,"type":"if","locations":[{"start":{"line":148,"column":8},"end":{"line":148,"column":8}},{"start":{"line":148,"column":8},"end":{"line":148,"column":8}}]}}},"contracts/ERC20.sol":{"l":{"43":1,"44":1,"45":1,"46":1,"47":1,"48":1,"59":34,"60":34,"61":34,"62":34,"63":34,"64":34,"74":0,"75":0,"76":0,"77":0,"78":0,"79":0,"80":0,"90":2,"91":2,"92":2,"103":0,"104":0,"105":0,"106":0,"116":0,"117":0,"118":0,"119":0,"120":0,"130":1,"131":1,"132":1,"133":1,"134":1,"135":1,"136":1,"146":1,"156":36,"166":2,"177":0},"path":"/home/peter/Documents/Work/MyBit/MyBit-Billsplitting.tech/contracts/ERC20.sol","s":{"1":1,"2":1,"3":1,"4":1,"5":1,"6":1,"7":34,"8":34,"9":34,"10":34,"11":34,"12":34,"13":0,"14":0,"15":0,"16":0,"17":0,"18":0,"19":0,"20":2,"21":2,"22":2,"23":0,"24":0,"25":0,"26":0,"27":0,"28":0,"29":0,"30":0,"31":0,"32":1,"33":1,"34":1,"35":1,"36":1,"37":1,"38":1,"39":1,"40":36,"41":2,"42":0},"b":{"1":[34,0],"2":[34,0],"3":[0,0],"4":[0,0],"5":[1,0]},"f":{"1":1,"2":34,"3":0,"4":2,"5":0,"6":0,"7":1,"8":1,"9":36,"10":2,"11":0},"fnMap":{"1":{"name":null,"line":41,"loc":{"start":{"line":41,"column":4},"end":{"line":42,"column":12}}},"2":{"name":"transfer","line":56,"loc":{"start":{"line":56,"column":4},"end":{"line":58,"column":28}}},"3":{"name":"transferFrom","line":71,"loc":{"start":{"line":71,"column":4},"end":{"line":73,"column":28}}},"4":{"name":"approve","line":87,"loc":{"start":{"line":87,"column":4},"end":{"line":89,"column":28}}},"5":{"name":"approveAndCall","line":100,"loc":{"start":{"line":100,"column":4},"end":{"line":102,"column":28}}},"6":{"name":"burn","line":113,"loc":{"start":{"line":113,"column":4},"end":{"line":115,"column":28}}},"7":{"name":"burnFrom","line":127,"loc":{"start":{"line":127,"column":4},"end":{"line":129,"column":28}}},"8":{"name":"totalSupply","line":142,"loc":{"start":{"line":142,"column":4},"end":{"line":145,"column":32}}},"9":{"name":"balanceOf","line":152,"loc":{"start":{"line":152,"column":4},"end":{"line":155,"column":28}}},"10":{"name":"allowance","line":162,"loc":{"start":{"line":162,"column":4},"end":{"line":165,"column":30}}},"11":{"name":null,"line":174,"loc":{"start":{"line":174,"column":4},"end":{"line":176,"column":13}}}},"statementMap":{"1":{"start":{"line":43,"column":8},"end":{"line":43,"column":44}},"2":{"start":{"line":44,"column":8},"end":{"line":44,"column":30}},"3":{"start":{"line":45,"column":8},"end":{"line":45,"column":24}},"4":{"start":{"line":46,"column":8},"end":{"line":46,"column":31}},"5":{"start":{"line":47,"column":8},"end":{"line":47,"column":28}},"6":{"start":{"line":48,"column":8},"end":{"line":48,"column":61}},"7":{"start":{"line":59,"column":8},"end":{"line":59,"column":33}},"8":{"start":{"line":60,"column":8},"end":{"line":60,"column":36}},"9":{"start":{"line":61,"column":8},"end":{"line":61,"column":63}},"10":{"start":{"line":62,"column":8},"end":{"line":62,"column":49}},"11":{"start":{"line":63,"column":8},"end":{"line":63,"column":47}},"12":{"start":{"line":64,"column":8},"end":{"line":64,"column":19}},"13":{"start":{"line":74,"column":8},"end":{"line":74,"column":33}},"14":{"start":{"line":75,"column":8},"end":{"line":75,"column":36}},"15":{"start":{"line":76,"column":8},"end":{"line":76,"column":53}},"16":{"start":{"line":77,"column":8},"end":{"line":77,"column":75}},"17":{"start":{"line":78,"column":8},"end":{"line":78,"column":49}},"18":{"start":{"line":79,"column":8},"end":{"line":79,"column":42}},"19":{"start":{"line":80,"column":8},"end":{"line":80,"column":19}},"20":{"start":{"line":90,"column":8},"end":{"line":90,"column":46}},"21":{"start":{"line":91,"column":8},"end":{"line":91,"column":52}},"22":{"start":{"line":92,"column":8},"end":{"line":92,"column":19}},"23":{"start":{"line":103,"column":8},"end":{"line":103,"column":46}},"24":{"start":{"line":104,"column":8},"end":{"line":104,"column":52}},"25":{"start":{"line":105,"column":8},"end":{"line":105,"column":39}},"26":{"start":{"line":106,"column":8},"end":{"line":106,"column":19}},"27":{"start":{"line":116,"column":8},"end":{"line":116,"column":63}},"28":{"start":{"line":117,"column":8},"end":{"line":117,"column":35}},"29":{"start":{"line":118,"column":8},"end":{"line":118,"column":41}},"30":{"start":{"line":119,"column":8},"end":{"line":119,"column":54}},"31":{"start":{"line":120,"column":8},"end":{"line":120,"column":19}},"32":{"start":{"line":130,"column":8},"end":{"line":130,"column":53}},"33":{"start":{"line":131,"column":8},"end":{"line":131,"column":53}},"34":{"start":{"line":132,"column":8},"end":{"line":132,"column":75}},"35":{"start":{"line":133,"column":8},"end":{"line":133,"column":35}},"36":{"start":{"line":134,"column":8},"end":{"line":134,"column":36}},"37":{"start":{"line":135,"column":8},"end":{"line":135,"column":49}},"38":{"start":{"line":136,"column":8},"end":{"line":136,"column":19}},"39":{"start":{"line":146,"column":8},"end":{"line":146,"column":21}},"40":{"start":{"line":156,"column":8},"end":{"line":156,"column":37}},"41":{"start":{"line":166,"column":8},"end":{"line":166,"column":46}},"42":{"start":{"line":177,"column":8},"end":{"line":177,"column":15}}},"branchMap":{"1":{"line":59,"type":"if","locations":[{"start":{"line":59,"column":8},"end":{"line":59,"column":8}},{"start":{"line":59,"column":8},"end":{"line":59,"column":8}}]},"2":{"line":60,"type":"if","locations":[{"start":{"line":60,"column":8},"end":{"line":60,"column":8}},{"start":{"line":60,"column":8},"end":{"line":60,"column":8}}]},"3":{"line":74,"type":"if","locations":[{"start":{"line":74,"column":8},"end":{"line":74,"column":8}},{"start":{"line":74,"column":8},"end":{"line":74,"column":8}}]},"4":{"line":75,"type":"if","locations":[{"start":{"line":75,"column":8},"end":{"line":75,"column":8}},{"start":{"line":75,"column":8},"end":{"line":75,"column":8}}]},"5":{"line":130,"type":"if","locations":[{"start":{"line":130,"column":8},"end":{"line":130,"column":8}},{"start":{"line":130,"column":8},"end":{"line":130,"column":8}}]}}},"contracts/interfaces/ERC20Interface.sol":{"l":{},"path":"/home/peter/Documents/Work/MyBit/MyBit-Billsplitting.tech/contracts/interfaces/ERC20Interface.sol","s":{},"b":{},"f":{},"fnMap":{},"statementMap":{},"branchMap":{}},"contracts/MyBitBurner.sol":{"l":{"19":1,"20":1,"27":2,"28":2,"29":1,"30":1,"31":1,"37":1,"38":1,"39":1,"40":1,"41":1,"47":0,"48":0,"49":0,"50":0},"path":"/home/peter/Documents/Work/MyBit/MyBit-Billsplitting.tech/contracts/MyBitBurner.sol","s":{"1":1,"2":1,"3":2,"4":2,"5":1,"6":1,"7":1,"8":1,"9":1,"10":1,"11":1,"12":1,"13":0,"14":0,"15":0},"b":{"1":[2,0],"2":[1,1],"3":[1,0],"4":[1,0],"5":[1,0],"6":[0,0],"7":[0,0]},"f":{"1":1,"2":2,"3":1,"4":0},"fnMap":{"1":{"name":null,"line":17,"loc":{"start":{"line":17,"column":2},"end":{"line":18,"column":10}}},"2":{"name":"burn","line":24,"loc":{"start":{"line":24,"column":2},"end":{"line":26,"column":18}}},"3":{"name":"authorizeBurner","line":34,"loc":{"start":{"line":34,"column":2},"end":{"line":36,"column":18}}},"4":{"name":"removeBurner","line":44,"loc":{"start":{"line":44,"column":2},"end":{"line":46,"column":18}}}},"statementMap":{"1":{"start":{"line":19,"column":4},"end":{"line":19,"column":39}},"2":{"start":{"line":20,"column":4},"end":{"line":20,"column":21}},"3":{"start":{"line":27,"column":4},"end":{"line":27,"column":40}},"4":{"start":{"line":28,"column":4},"end":{"line":28,"column":70}},"5":{"start":{"line":29,"column":4},"end":{"line":29,"column":52}},"6":{"start":{"line":30,"column":4},"end":{"line":30,"column":56}},"7":{"start":{"line":31,"column":4},"end":{"line":31,"column":15}},"8":{"start":{"line":37,"column":4},"end":{"line":37,"column":31}},"9":{"start":{"line":38,"column":4},"end":{"line":38,"column":41}},"10":{"start":{"line":39,"column":4},"end":{"line":39,"column":44}},"11":{"start":{"line":40,"column":4},"end":{"line":40,"column":58}},"12":{"start":{"line":41,"column":4},"end":{"line":41,"column":15}},"13":{"start":{"line":47,"column":4},"end":{"line":47,"column":31}},"14":{"start":{"line":48,"column":4},"end":{"line":48,"column":40}},"15":{"start":{"line":50,"column":4},"end":{"line":50,"column":15}}},"branchMap":{"1":{"line":27,"type":"if","locations":[{"start":{"line":27,"column":4},"end":{"line":27,"column":4}},{"start":{"line":27,"column":4},"end":{"line":27,"column":4}}]},"2":{"line":28,"type":"if","locations":[{"start":{"line":28,"column":4},"end":{"line":28,"column":4}},{"start":{"line":28,"column":4},"end":{"line":28,"column":4}}]},"3":{"line":29,"type":"if","locations":[{"start":{"line":29,"column":4},"end":{"line":29,"column":4}},{"start":{"line":29,"column":4},"end":{"line":29,"column":4}}]},"4":{"line":37,"type":"if","locations":[{"start":{"line":37,"column":4},"end":{"line":37,"column":4}},{"start":{"line":37,"column":4},"end":{"line":37,"column":4}}]},"5":{"line":38,"type":"if","locations":[{"start":{"line":38,"column":4},"end":{"line":38,"column":4}},{"start":{"line":38,"column":4},"end":{"line":38,"column":4}}]},"6":{"line":47,"type":"if","locations":[{"start":{"line":47,"column":4},"end":{"line":47,"column":4}},{"start":{"line":47,"column":4},"end":{"line":47,"column":4}}]},"7":{"line":48,"type":"if","locations":[{"start":{"line":48,"column":4},"end":{"line":48,"column":4}},{"start":{"line":48,"column":4},"end":{"line":48,"column":4}}]}}},"contracts/SafeMath.sol":{"l":{"14":0,"15":0,"17":0,"18":0,"19":0,"29":1,"36":45,"37":45,"44":40,"45":40,"46":40,"56":0,"64":0,"65":0,"66":0,"68":0},"path":"/home/peter/Documents/Work/MyBit/MyBit-Billsplitting.tech/contracts/SafeMath.sol","s":{"1":0,"2":0,"3":0,"4":0,"5":0,"6":1,"7":45,"8":45,"9":40,"10":40,"11":40,"12":0,"13":0,"14":0,"15":0},"b":{"1":[0,0],"2":[0,0],"3":[45,0],"4":[40,0]},"f":{"1":0,"2":1,"3":45,"4":40,"5":0,"6":0},"fnMap":{"1":{"name":"mul","line":13,"loc":{"start":{"line":13,"column":2},"end":{"line":13,"column":68}}},"2":{"name":"div","line":25,"loc":{"start":{"line":25,"column":2},"end":{"line":25,"column":68}}},"3":{"name":"sub","line":35,"loc":{"start":{"line":35,"column":2},"end":{"line":35,"column":68}}},"4":{"name":"add","line":43,"loc":{"start":{"line":43,"column":2},"end":{"line":43,"column":68}}},"5":{"name":"getFractionalAmount","line":52,"loc":{"start":{"line":52,"column":2},"end":{"line":55,"column":21}}},"6":{"name":"bytesToUint","line":63,"loc":{"start":{"line":63,"column":2},"end":{"line":63,"column":63}}}},"statementMap":{"1":{"start":{"line":14,"column":4},"end":{"line":14,"column":740}},"2":{"start":{"line":15,"column":6},"end":{"line":15,"column":14}},"3":{"start":{"line":17,"column":4},"end":{"line":17,"column":20}},"4":{"start":{"line":18,"column":4},"end":{"line":18,"column":21}},"5":{"start":{"line":19,"column":4},"end":{"line":19,"column":12}},"6":{"start":{"line":29,"column":4},"end":{"line":29,"column":16}},"7":{"start":{"line":36,"column":4},"end":{"line":36,"column":17}},"8":{"start":{"line":37,"column":4},"end":{"line":37,"column":16}},"9":{"start":{"line":44,"column":4},"end":{"line":44,"column":20}},"10":{"start":{"line":45,"column":4},"end":{"line":45,"column":17}},"11":{"start":{"line":46,"column":4},"end":{"line":46,"column":12}},"12":{"start":{"line":56,"column":4},"end":{"line":56,"column":46}},"13":{"start":{"line":65,"column":6},"end":{"line":65,"column":2949}},"14":{"start":{"line":66,"column":10},"end":{"line":66,"column":69}},"15":{"start":{"line":68,"column":6},"end":{"line":68,"column":19}}},"branchMap":{"1":{"line":14,"type":"if","locations":[{"start":{"line":14,"column":4},"end":{"line":14,"column":4}},{"start":{"line":14,"column":4},"end":{"line":14,"column":4}}]},"2":{"line":18,"type":"if","locations":[{"start":{"line":18,"column":4},"end":{"line":18,"column":4}},{"start":{"line":18,"column":4},"end":{"line":18,"column":4}}]},"3":{"line":36,"type":"if","locations":[{"start":{"line":36,"column":4},"end":{"line":36,"column":4}},{"start":{"line":36,"column":4},"end":{"line":36,"column":4}}]},"4":{"line":45,"type":"if","locations":[{"start":{"line":45,"column":4},"end":{"line":45,"column":4}},{"start":{"line":45,"column":4},"end":{"line":45,"column":4}}]}}}}