TN:
SF:/home/peter/Documents/Work/MyBit/MyBit-Billsplitting.tech/contracts/Billsplitting.sol
FN:21,
FN:27,createBillEqual
FN:52,getTotalOwing
FN:60,getUserOwing
FN:68,payShare
FN:87,releaseFunds
FN:94,changeUserAddress
FNF:7
FNH:7
FNDA:1,
FNDA:2,createBillEqual
FNDA:2,getTotalOwing
FNDA:13,getUserOwing
FNDA:6,payShare
FNDA:3,releaseFunds
FNDA:2,changeUserAddress
DA:22,1
DA:23,1
DA:24,1
DA:29,2
DA:30,1
DA:31,1
DA:33,1
DA:35,1
DA:36,1
DA:37,1
DA:38,1
DA:41,1
DA:42,2
DA:43,2
DA:44,2
DA:46,1
DA:47,1
DA:49,1
DA:56,2
DA:57,2
DA:64,13
DA:65,13
DA:71,6
DA:72,5
DA:73,4
DA:74,4
DA:76,4
DA:77,1
DA:78,1
DA:79,1
DA:81,3
DA:83,4
DA:84,4
DA:89,3
DA:90,1
DA:96,2
DA:97,1
DA:98,1
DA:100,3
DA:101,1
DA:102,1
DA:103,1
DA:104,1
DA:105,1
LF:44
LH:44
BRDA:29,1,0,1
BRDA:29,1,1,1
BRDA:71,2,0,5
BRDA:71,2,1,1
BRDA:72,3,0,4
BRDA:72,3,1,1
BRDA:76,4,0,1
BRDA:76,4,1,3
BRDA:89,5,0,1
BRDA:89,5,1,2
BRDA:96,6,0,1
BRDA:96,6,1,1
BRDA:100,7,0,1
BRDA:100,7,1,2
BRF:14
BRH:14
end_of_record
TN:
SF:/home/peter/Documents/Work/MyBit/MyBit-Billsplitting.tech/contracts/ContractManager.sol
FN:13,
FN:26,addContract
FN:44,removeContract
FN:63,updateContract
FN:79,contractExists
FN:94,anyOwner
FN:102,noEmptyAddress
FN:110,noEmptyString
FN:118,multiSigRequired
FNF:9
FNH:8
FNDA:2,
FNDA:5,addContract
FNDA:2,removeContract
FNDA:2,updateContract
FNDA:14,contractExists
FNDA:10,anyOwner
FNDA:12,noEmptyAddress
FNDA:9,noEmptyString
FNDA:0,multiSigRequired
DA:16,2
DA:32,5
DA:33,4
DA:34,3
DA:35,3
DA:36,3
DA:49,2
DA:50,2
DA:51,1
DA:52,1
DA:53,1
DA:68,2
DA:69,2
DA:70,1
DA:71,1
DA:72,1
DA:73,1
DA:83,14
DA:95,10
DA:96,9
DA:103,12
DA:104,11
DA:111,9
DA:112,8
DA:119,0
DA:120,0
DA:121,0
DA:122,0
LF:28
LH:24
BRDA:32,1,0,4
BRDA:32,1,1,1
BRDA:33,2,0,3
BRDA:33,2,1,1
BRDA:50,3,0,1
BRDA:50,3,1,1
BRDA:69,4,0,1
BRDA:69,4,1,1
BRDA:95,5,0,9
BRDA:95,5,1,1
BRDA:103,6,0,11
BRDA:103,6,1,1
BRDA:111,7,0,8
BRDA:111,7,1,1
BRDA:119,8,0,0
BRDA:119,8,1,0
BRDA:120,9,0,0
BRDA:120,9,1,0
BRF:18
BRH:14
end_of_record
TN:
SF:/home/peter/Documents/Work/MyBit/MyBit-Billsplitting.tech/contracts/Database.sol
FN:28,
FN:40,setContractManager
FN:53,setAddress
FN:59,setUint
FN:65,setString
FN:71,setBytes
FN:77,setBytes32
FN:83,setBool
FN:89,setInt
FN:100,deleteAddress
FN:106,deleteUint
FN:112,deleteString
FN:118,deleteBytes
FN:124,deleteBytes32
FN:130,deleteBool
FN:136,deleteInt
FN:147,onlyApprovedContract
FNF:17
FNH:17
FNDA:2,
FNDA:5,setContractManager
FNDA:10,setAddress
FNDA:17,setUint
FNDA:1,setString
FNDA:1,setBytes
FNDA:1,setBytes32
FNDA:5,setBool
FNDA:1,setInt
FNDA:2,deleteAddress
FNDA:1,deleteUint
FNDA:1,deleteString
FNDA:1,deleteBytes
FNDA:1,deleteBytes32
FNDA:3,deleteBool
FNDA:1,deleteInt
FNDA:47,onlyApprovedContract
DA:30,2
DA:31,2
DA:42,5
DA:43,4
DA:44,3
DA:45,2
DA:46,2
DA:56,10
DA:62,17
DA:68,1
DA:74,1
DA:80,1
DA:86,5
DA:92,1
DA:103,2
DA:109,1
DA:115,1
DA:121,1
DA:127,1
DA:133,3
DA:139,1
DA:148,47
DA:149,46
LF:23
LH:23
BRDA:42,1,0,4
BRDA:42,1,1,1
BRDA:43,2,0,3
BRDA:43,2,1,1
BRDA:44,3,0,2
BRDA:44,3,1,1
BRDA:148,4,0,46
BRDA:148,4,1,1
BRF:8
BRH:8
end_of_record
TN:
SF:/home/peter/Documents/Work/MyBit/MyBit-Billsplitting.tech/contracts/ERC20.sol
FN:41,
FN:56,transfer
FN:71,transferFrom
FN:87,approve
FN:100,approveAndCall
FN:113,burn
FN:127,burnFrom
FN:142,totalSupply
FN:152,balanceOf
FN:162,allowance
FN:174,
FNF:11
FNH:10
FNDA:3,
FNDA:40,transfer
FNDA:3,transferFrom
FNDA:4,approve
FNDA:0,approveAndCall
FNDA:1,burn
FNDA:6,burnFrom
FNDA:2,totalSupply
FNDA:43,balanceOf
FNDA:3,allowance
FNDA:1,
DA:43,3
DA:44,3
DA:45,3
DA:46,3
DA:47,3
DA:48,3
DA:59,40
DA:60,39
DA:61,38
DA:62,38
DA:63,38
DA:64,38
DA:74,3
DA:75,2
DA:76,1
DA:77,1
DA:78,1
DA:79,1
DA:80,1
DA:90,4
DA:91,4
DA:92,4
DA:103,0
DA:104,0
DA:105,0
DA:106,0
DA:116,1
DA:117,1
DA:118,1
DA:119,1
DA:120,1
DA:130,6
DA:131,3
DA:132,3
DA:133,3
DA:134,3
DA:135,3
DA:136,3
DA:146,2
DA:156,43
DA:166,3
DA:177,1
LF:42
LH:38
BRDA:59,1,0,39
BRDA:59,1,1,1
BRDA:60,2,0,38
BRDA:60,2,1,1
BRDA:74,3,0,2
BRDA:74,3,1,1
BRDA:75,4,0,1
BRDA:75,4,1,1
BRDA:130,5,0,3
BRDA:130,5,1,3
BRF:10
BRH:10
end_of_record
TN:
SF:/home/peter/Documents/Work/MyBit/MyBit-Billsplitting.tech/contracts/interfaces/ERC20Interface.sol
FNF:0
FNH:0
LF:0
LH:0
BRF:0
BRH:0
end_of_record
TN:
SF:/home/peter/Documents/Work/MyBit/MyBit-Billsplitting.tech/contracts/MyBitBurner.sol
FN:18,
FN:27,burn
FN:39,authorizeBurner
FN:51,removeBurner
FN:62,
FN:73,onlyOwner
FNF:6
FNH:6
FNDA:2,
FNDA:5,burn
FNDA:3,authorizeBurner
FNDA:2,removeBurner
FNDA:1,
FNDA:6,onlyOwner
DA:20,2
DA:21,2
DA:30,5
DA:32,4
DA:33,2
DA:34,2
DA:43,3
DA:44,2
DA:45,2
DA:46,2
DA:55,2
DA:56,1
DA:57,1
DA:58,1
DA:65,1
DA:74,6
DA:75,5
LF:17
LH:17
BRDA:30,1,0,4
BRDA:30,1,1,1
BRDA:32,2,0,2
BRDA:32,2,1,2
BRDA:43,3,0,2
BRDA:43,3,1,1
BRDA:55,4,0,1
BRDA:55,4,1,1
BRDA:74,5,0,5
BRDA:74,5,1,1
BRF:10
BRH:10
end_of_record
TN:
SF:/home/peter/Documents/Work/MyBit/MyBit-Billsplitting.tech/contracts/SafeMath.sol
FN:13,mul
FN:25,div
FN:35,sub
FN:43,add
FN:52,getFractionalAmount
FN:63,bytesToUint
FNF:6
FNH:6
FNDA:4,mul
FNDA:3,div
FNDA:61,sub
FNDA:47,add
FNDA:1,getFractionalAmount
FNDA:1,bytesToUint
DA:14,4
DA:15,1
DA:17,3
DA:18,3
DA:19,2
DA:29,3
DA:36,61
DA:37,60
DA:44,47
DA:45,47
DA:46,46
DA:56,1
DA:64,1
DA:65,1
DA:66,1
DA:68,1
LF:16
LH:16
BRDA:14,1,0,1
BRDA:14,1,1,3
BRDA:18,2,0,2
BRDA:18,2,1,1
BRDA:36,3,0,60
BRDA:36,3,1,1
BRDA:45,4,0,46
BRDA:45,4,1,1
BRF:8
BRH:8
end_of_record
TN:
SF:/home/peter/Documents/Work/MyBit/MyBit-Billsplitting.tech/contracts/SafeMathWrapper.sol
FN:9,multiply
FN:13,divide
FN:17,subtract
FN:21,addto
FN:25,fraction
FN:29,getUint
FNF:6
FNH:6
FNDA:3,multiply
FNDA:1,divide
FNDA:2,subtract
FNDA:2,addto
FNDA:1,fraction
FNDA:1,getUint
DA:10,3
DA:14,1
DA:18,2
DA:22,2
DA:26,1
DA:30,1
LF:6
LH:6
BRF:0
BRH:0
end_of_record
