TN:
SF:/home/peter/Documents/Work/MyBit/MyBit-Billsplitting.tech/contracts/Billsplitting.sol
FN:21,
FN:27,createBillEqual
FN:52,getTotalOwing
FN:60,getUserOwing
FN:68,payShare
FN:87,releaseFunds
FN:94,changeUserAddress
FNF:7
FNH:7
FNDA:1,
FNDA:2,createBillEqual
FNDA:2,getTotalOwing
FNDA:13,getUserOwing
FNDA:6,payShare
FNDA:3,releaseFunds
FNDA:2,changeUserAddress
DA:22,1
DA:23,1
DA:24,1
DA:29,2
DA:30,1
DA:31,1
DA:33,1
DA:35,1
DA:36,1
DA:37,1
DA:38,1
DA:41,1
DA:42,2
DA:43,2
DA:44,2
DA:46,1
DA:47,1
DA:49,1
DA:56,2
DA:57,2
DA:64,13
DA:65,13
DA:71,6
DA:72,5
DA:73,4
DA:74,4
DA:76,4
DA:77,1
DA:78,1
DA:79,1
DA:81,3
DA:83,4
DA:84,4
DA:89,3
DA:90,1
DA:96,2
DA:97,1
DA:98,1
DA:100,3
DA:101,1
DA:102,1
DA:103,1
DA:104,1
DA:105,1
LF:44
LH:44
BRDA:29,1,0,1
BRDA:29,1,1,1
BRDA:71,2,0,5
BRDA:71,2,1,1
BRDA:72,3,0,4
BRDA:72,3,1,1
BRDA:76,4,0,1
BRDA:76,4,1,3
BRDA:89,5,0,1
BRDA:89,5,1,2
BRDA:96,6,0,1
BRDA:96,6,1,1
BRDA:100,7,0,1
BRDA:100,7,1,2
BRF:14
BRH:14
end_of_record
TN:
SF:/home/peter/Documents/Work/MyBit/MyBit-Billsplitting.tech/contracts/ContractManager.sol
FN:13,
FN:26,addContract
FN:44,removeContract
FN:63,updateContract
FN:79,contractExists
FN:94,anyOwner
FN:102,noEmptyAddress
FN:110,noEmptyString
FN:118,multiSigRequired
FNF:9
FNH:6
FNDA:1,
FNDA:1,addContract
FNDA:0,removeContract
FNDA:0,updateContract
FNDA:1,contractExists
FNDA:1,anyOwner
FNDA:2,noEmptyAddress
FNDA:1,noEmptyString
FNDA:0,multiSigRequired
DA:16,1
DA:32,1
DA:33,1
DA:34,1
DA:35,1
DA:36,1
DA:49,0
DA:50,0
DA:51,0
DA:52,0
DA:53,0
DA:68,0
DA:69,0
DA:70,0
DA:71,0
DA:72,0
DA:73,0
DA:83,1
DA:95,1
DA:96,1
DA:103,2
DA:104,2
DA:111,1
DA:112,1
DA:119,0
DA:120,0
DA:121,0
DA:122,0
LF:28
LH:13
BRDA:32,1,0,1
BRDA:32,1,1,0
BRDA:33,2,0,1
BRDA:33,2,1,0
BRDA:50,3,0,0
BRDA:50,3,1,0
BRDA:69,4,0,0
BRDA:69,4,1,0
BRDA:95,5,0,1
BRDA:95,5,1,0
BRDA:103,6,0,2
BRDA:103,6,1,0
BRDA:111,7,0,1
BRDA:111,7,1,0
BRDA:119,8,0,0
BRDA:119,8,1,0
BRDA:120,9,0,0
BRDA:120,9,1,0
BRF:18
BRH:5
end_of_record
TN:
SF:/home/peter/Documents/Work/MyBit/MyBit-Billsplitting.tech/contracts/Database.sol
FN:28,
FN:40,setContractManager
FN:53,setAddress
FN:59,setUint
FN:65,setString
FN:71,setBytes
FN:77,setBytes32
FN:83,setBool
FN:89,setInt
FN:100,deleteAddress
FN:106,deleteUint
FN:112,deleteString
FN:118,deleteBytes
FN:124,deleteBytes32
FN:130,deleteBool
FN:136,deleteInt
FN:147,onlyApprovedContract
FNF:17
FNH:6
FNDA:1,
FNDA:1,setContractManager
FNDA:6,setAddress
FNDA:16,setUint
FNDA:0,setString
FNDA:0,setBytes
FNDA:0,setBytes32
FNDA:1,setBool
FNDA:0,setInt
FNDA:0,deleteAddress
FNDA:0,deleteUint
FNDA:0,deleteString
FNDA:0,deleteBytes
FNDA:0,deleteBytes32
FNDA:0,deleteBool
FNDA:0,deleteInt
FNDA:23,onlyApprovedContract
DA:30,1
DA:31,1
DA:42,1
DA:43,1
DA:44,1
DA:45,1
DA:46,1
DA:56,6
DA:62,16
DA:68,0
DA:74,0
DA:80,0
DA:86,1
DA:92,0
DA:103,0
DA:109,0
DA:115,0
DA:121,0
DA:127,0
DA:133,0
DA:139,0
DA:148,23
DA:149,23
LF:23
LH:12
BRDA:42,1,0,1
BRDA:42,1,1,0
BRDA:43,2,0,1
BRDA:43,2,1,0
BRDA:44,3,0,1
BRDA:44,3,1,0
BRDA:148,4,0,23
BRDA:148,4,1,0
BRF:8
BRH:4
end_of_record
TN:
SF:/home/peter/Documents/Work/MyBit/MyBit-Billsplitting.tech/contracts/ERC20.sol
FN:41,
FN:56,transfer
FN:71,transferFrom
FN:87,approve
FN:100,approveAndCall
FN:113,burn
FN:127,burnFrom
FN:142,totalSupply
FN:152,balanceOf
FN:162,allowance
FN:174,
FNF:11
FNH:7
FNDA:1,
FNDA:34,transfer
FNDA:0,transferFrom
FNDA:2,approve
FNDA:0,approveAndCall
FNDA:0,burn
FNDA:1,burnFrom
FNDA:1,totalSupply
FNDA:36,balanceOf
FNDA:2,allowance
FNDA:0,
DA:43,1
DA:44,1
DA:45,1
DA:46,1
DA:47,1
DA:48,1
DA:59,34
DA:60,34
DA:61,34
DA:62,34
DA:63,34
DA:64,34
DA:74,0
DA:75,0
DA:76,0
DA:77,0
DA:78,0
DA:79,0
DA:80,0
DA:90,2
DA:91,2
DA:92,2
DA:103,0
DA:104,0
DA:105,0
DA:106,0
DA:116,0
DA:117,0
DA:118,0
DA:119,0
DA:120,0
DA:130,1
DA:131,1
DA:132,1
DA:133,1
DA:134,1
DA:135,1
DA:136,1
DA:146,1
DA:156,36
DA:166,2
DA:177,0
LF:42
LH:25
BRDA:59,1,0,34
BRDA:59,1,1,0
BRDA:60,2,0,34
BRDA:60,2,1,0
BRDA:74,3,0,0
BRDA:74,3,1,0
BRDA:75,4,0,0
BRDA:75,4,1,0
BRDA:130,5,0,1
BRDA:130,5,1,0
BRF:10
BRH:3
end_of_record
TN:
SF:/home/peter/Documents/Work/MyBit/MyBit-Billsplitting.tech/contracts/interfaces/ERC20Interface.sol
FNF:0
FNH:0
LF:0
LH:0
BRF:0
BRH:0
end_of_record
TN:
SF:/home/peter/Documents/Work/MyBit/MyBit-Billsplitting.tech/contracts/MyBitBurner.sol
FN:17,
FN:24,burn
FN:34,authorizeBurner
FN:44,removeBurner
FNF:4
FNH:3
FNDA:1,
FNDA:2,burn
FNDA:1,authorizeBurner
FNDA:0,removeBurner
DA:19,1
DA:20,1
DA:27,2
DA:28,2
DA:29,1
DA:30,1
DA:31,1
DA:37,1
DA:38,1
DA:39,1
DA:40,1
DA:41,1
DA:47,0
DA:48,0
DA:49,0
DA:50,0
LF:16
LH:12
BRDA:27,1,0,2
BRDA:27,1,1,0
BRDA:28,2,0,1
BRDA:28,2,1,1
BRDA:29,3,0,1
BRDA:29,3,1,0
BRDA:37,4,0,1
BRDA:37,4,1,0
BRDA:38,5,0,1
BRDA:38,5,1,0
BRDA:47,6,0,0
BRDA:47,6,1,0
BRDA:48,7,0,0
BRDA:48,7,1,0
BRF:14
BRH:6
end_of_record
TN:
SF:/home/peter/Documents/Work/MyBit/MyBit-Billsplitting.tech/contracts/SafeMath.sol
FN:13,mul
FN:25,div
FN:35,sub
FN:43,add
FN:52,getFractionalAmount
FN:63,bytesToUint
FNF:6
FNH:3
FNDA:0,mul
FNDA:1,div
FNDA:45,sub
FNDA:40,add
FNDA:0,getFractionalAmount
FNDA:0,bytesToUint
DA:14,0
DA:15,0
DA:17,0
DA:18,0
DA:19,0
DA:29,1
DA:36,45
DA:37,45
DA:44,40
DA:45,40
DA:46,40
DA:56,0
DA:64,0
DA:65,0
DA:66,0
DA:68,0
LF:16
LH:6
BRDA:14,1,0,0
BRDA:14,1,1,0
BRDA:18,2,0,0
BRDA:18,2,1,0
BRDA:36,3,0,45
BRDA:36,3,1,0
BRDA:45,4,0,40
BRDA:45,4,1,0
BRF:8
BRH:2
end_of_record
